<?xml version="1.0" encoding="UTF-8"?>
<!-- Generated by org.testng.reporters.JUnitReportReporter -->
<testsuite skipped="0" hostname="Rolly-PC" name="com.webappsecurity.tests.ViewAccountSummary" tests="1" failures="0" timestamp="22 Sep 2019 18:28:17 GMT" time="8.392" errors="0">
  <testcase name="viewSummary" time="8.392" classname="com.webappsecurity.tests.ViewAccountSummary"/>
</testsuite> <!-- com.webappsecurity.tests.ViewAccountSummary -->
