<?xml version="1.0" encoding="UTF-8"?>
<!-- Generated by org.testng.reporters.JUnitReportReporter -->
<testsuite hostname="Rolly-PC" failures="0" tests="1" name="com.webappsecurity.tests.TestBase" time="10.103" errors="0" timestamp="18 Sep 2019 18:13:23 GMT" skipped="0">
  <testcase classname="com.webappsecurity.tests.TestBase" name="setUp" time="10.103"/>
</testsuite> <!-- com.webappsecurity.tests.TestBase -->
